==00:00:00:00.000 4478== Memcheck, a memory error detector
==00:00:00:00.000 4478== Copyright (C) 2002-2012, and GNU GPL'd, by Julian Seward et al.
==00:00:00:00.000 4478== Using Valgrind-3.8.1 and LibVEX; rerun with -h for copyright info
==00:00:00:00.000 4478== Command: ./server 8000 tests/basic 3 5
==00:00:00:00.000 4478== Parent PID: 4477
==00:00:00:00.000 4478== 
==00:00:00:14.223 4478== 
==00:00:00:14.223 4478== FILE DESCRIPTORS: 4 open at exit.
==00:00:00:14.224 4478== Open file descriptor 3: /run/media/federicorossi/Archivos/Federico/UBA/Carrera de grado/Materias/75.42 Taller de Programacion I/Trabajos practicos/04/Codigo/valgrind_server.out
==00:00:00:14.224 4478==    <inherited from parent>
==00:00:00:14.224 4478== 
==00:00:00:14.225 4478== Open file descriptor 2: /dev/pts/0
==00:00:00:14.225 4478==    <inherited from parent>
==00:00:00:14.226 4478== 
==00:00:00:14.226 4478== Open file descriptor 1: /dev/pts/0
==00:00:00:14.226 4478==    <inherited from parent>
==00:00:00:14.227 4478== 
==00:00:00:14.227 4478== Open file descriptor 0: /dev/pts/0
==00:00:00:14.227 4478==    <inherited from parent>
==00:00:00:14.228 4478== 
==00:00:00:14.228 4478== 
==00:00:00:14.228 4478== HEAP SUMMARY:
==00:00:00:14.228 4478==     in use at exit: 0 bytes in 0 blocks
==00:00:00:14.228 4478==   total heap usage: 6,633 allocs, 6,633 frees, 2,351,886 bytes allocated
==00:00:00:14.228 4478== 
==00:00:00:14.229 4478== All heap blocks were freed -- no leaks are possible
==00:00:00:14.229 4478== 
==00:00:00:14.229 4478== For counts of detected and suppressed errors, rerun with: -v
==00:00:00:14.229 4478== ERROR SUMMARY: 0 errors from 0 contexts (suppressed: 0 from 0)
