==00:00:00:00.000 4497== Memcheck, a memory error detector
==00:00:00:00.000 4497== Copyright (C) 2002-2012, and GNU GPL'd, by Julian Seward et al.
==00:00:00:00.000 4497== Using Valgrind-3.8.1 and LibVEX; rerun with -h for copyright info
==00:00:00:00.000 4497== Command: ./client localhost:8000
==00:00:00:00.000 4497== Parent PID: 4496
==00:00:00:00.000 4497== 
==00:00:00:01.846 4497== 
==00:00:00:01.847 4497== FILE DESCRIPTORS: 4 open at exit.
==00:00:00:01.861 4497== Open file descriptor 3: /run/media/federicorossi/Archivos/Federico/UBA/Carrera de grado/Materias/75.42 Taller de Programacion I/Trabajos practicos/04/Codigo/valgrind_client.out
==00:00:00:01.862 4497==    <inherited from parent>
==00:00:00:01.862 4497== 
==00:00:00:01.862 4497== Open file descriptor 2: /dev/pts/1
==00:00:00:01.863 4497==    <inherited from parent>
==00:00:00:01.863 4497== 
==00:00:00:01.863 4497== Open file descriptor 1: /dev/pts/1
==00:00:00:01.863 4497==    <inherited from parent>
==00:00:00:01.863 4497== 
==00:00:00:01.864 4497== Open file descriptor 0: /dev/pts/1
==00:00:00:01.864 4497==    <inherited from parent>
==00:00:00:01.864 4497== 
==00:00:00:01.864 4497== 
==00:00:00:01.864 4497== HEAP SUMMARY:
==00:00:00:01.864 4497==     in use at exit: 0 bytes in 0 blocks
==00:00:00:01.864 4497==   total heap usage: 681 allocs, 681 frees, 801,801 bytes allocated
==00:00:00:01.864 4497== 
==00:00:00:01.864 4497== All heap blocks were freed -- no leaks are possible
==00:00:00:01.864 4497== 
==00:00:00:01.864 4497== For counts of detected and suppressed errors, rerun with: -v
==00:00:00:01.864 4497== ERROR SUMMARY: 0 errors from 0 contexts (suppressed: 0 from 0)
